Building DAG of jobs...
Using shell: /usr/bin/bash
Provided cores: 8
Rules claiming more threads will be scaled down.
Job stats:
job            count    min threads    max threads
-----------  -------  -------------  -------------
prepare_vcf        1              1              1
total              1              1              1

Select jobs to execute...

[Fri Sep 13 22:35:01 2024]
rule prepare_vcf:
    input: input/NIST.vcf.gz
    output: input/NIST.vcf
    jobid: 0
    wildcards: vcf=NIST
    resources: tmpdir=/tmp

[Fri Sep 13 22:35:01 2024]
Finished job 0.
1 of 1 steps (100%) done
Complete log: /home/jgd/vcf-pipe/.snakemake/log/2024-09-13T223501.126538.snakemake.log
