Building DAG of jobs...
Using shell: /usr/bin/bash
Provided cores: 1 (use --cores to define parallelism)
Rules claiming more threads will be scaled down.
Job stats:
job              count    min threads    max threads
-------------  -------  -------------  -------------
prepare_conda        1              1              1
total                1              1              1

Select jobs to execute...

[Fri Sep 13 19:38:32 2024]
rule prepare_conda:
    jobid: 0
    resources: tmpdir=/tmp

Terminating processes on user request, this might take some time.
[Fri Sep 13 19:46:26 2024]
Error in rule prepare_conda:
    jobid: 0
    shell:
        
        cd $HOME
        curl -O https://repo.anaconda.com/archive/Anaconda3-2024.06-1-Linux-x86_64.sh
        bash $HOME/Anaconda3-2024.06-1-Linux-x86_64.sh
        conda init
        conda create -n envvcf -c bioconda --file requirements.txt
        
        (one of the commands exited with non-zero exit code; note that snakemake uses bash strict mode!)

Complete log: /home/jgd/vcf-pipe/snakemake/.snakemake/log/2024-09-13T193831.943387.snakemake.log
